Using pre-set license
Built from '2021.3/china_unity/release' branch; Version is '2021.3.4f1c1 (64682593795a) revision 6580261'; Using compiler version '192829333'; Build Type 'Release'
OS: 'Windows 10  (10.0.18363) 64bit Professional' Language: 'zh' Physical Memory: 16276 MB
BatchMode: 1, IsHumanControllingUs: 0, StartBugReporterOnCrash: 0, Is64bit: 1, IsPro: 1

COMMAND LINE ARGUMENTS:
D:\app_unity3d\2021.3.4f1c1\Editor\Unity.exe
-adb2
-batchMode
-noUpm
-name
AssetImportWorker2
-projectPath
E:/project_unity3d/forWork/genshinRender
-logFile
Logs/AssetImportWorker2.log
-srvPort
24303
Successfully changed project path to: E:/project_unity3d/forWork/genshinRender
E:/project_unity3d/forWork/genshinRender
[UnityMemory] Configuration Parameters - Can be set up in boot.config
    "memorysetup-bucket-allocator-granularity=16"
    "memorysetup-bucket-allocator-bucket-count=8"
    "memorysetup-bucket-allocator-block-size=33554432"
    "memorysetup-bucket-allocator-block-count=8"
    "memorysetup-main-allocator-block-size=16777216"
    "memorysetup-thread-allocator-block-size=16777216"
    "memorysetup-gfx-main-allocator-block-size=16777216"
    "memorysetup-gfx-thread-allocator-block-size=16777216"
    "memorysetup-cache-allocator-block-size=4194304"
    "memorysetup-typetree-allocator-block-size=2097152"
    "memorysetup-profiler-bucket-allocator-granularity=16"
    "memorysetup-profiler-bucket-allocator-bucket-count=8"
    "memorysetup-profiler-bucket-allocator-block-size=33554432"
    "memorysetup-profiler-bucket-allocator-block-count=8"
    "memorysetup-profiler-allocator-block-size=16777216"
    "memorysetup-profiler-editor-allocator-block-size=1048576"
    "memorysetup-temp-allocator-size-main=16777216"
    "memorysetup-job-temp-allocator-block-size=2097152"
    "memorysetup-job-temp-allocator-block-size-background=1048576"
    "memorysetup-job-temp-allocator-reduction-small-platforms=262144"
    "memorysetup-temp-allocator-size-background-worker=32768"
    "memorysetup-temp-allocator-size-job-worker=262144"
    "memorysetup-temp-allocator-size-preload-manager=33554432"
    "memorysetup-temp-allocator-size-nav-mesh-worker=65536"
    "memorysetup-temp-allocator-size-audio-worker=65536"
    "memorysetup-temp-allocator-size-cloud-worker=32768"
    "memorysetup-temp-allocator-size-gi-baking-worker=262144"
    "memorysetup-temp-allocator-size-gfx=262144"
AS: AutoStreaming module initializing.
Refreshing native plugins compatible for Editor in 107.45 ms, found 3 plugins.
Preloading 0 native plugins for Editor in 0.00 ms.
Initialize engine version: 2021.3.4f1c1 (64682593795a)
[Subsystems] Discovering subsystems at path D:/app_unity3d/2021.3.4f1c1/Editor/Data/Resources/UnitySubsystems
[Subsystems] Discovering subsystems at path E:/project_unity3d/forWork/genshinRender/Assets
GfxDevice: creating device client; threaded=0; jobified=0
Direct3D:
    Version:  Direct3D 11.0 [level 11.1]
    Renderer: NVIDIA GeForce RTX 3080 Ti (ID=0x2208)
    Vendor:   NVIDIA
    VRAM:     12108 MB
    Driver:   30.0.14.9649
Initialize mono
Mono path[0] = 'D:/app_unity3d/2021.3.4f1c1/Editor/Data/Managed'
Mono path[1] = 'D:/app_unity3d/2021.3.4f1c1/Editor/Data/MonoBleedingEdge/lib/mono/unityjit-win32'
Mono config path = 'D:/app_unity3d/2021.3.4f1c1/Editor/Data/MonoBleedingEdge/etc'
Using monoOptions --debugger-agent=transport=dt_socket,embedding=1,server=y,suspend=n,address=127.0.0.1:56488
Begin MonoManager ReloadAssembly
Registering precompiled unity dll's ...
Register platform support module: D:/app_unity3d/2021.3.4f1c1/Editor/Data/PlaybackEngines/WindowsStandaloneSupport/UnityEditor.WindowsStandalone.Extensions.dll
Registered in 0.001769 seconds.
Native extension for WindowsStandalone target not found
Refreshing native plugins compatible for Editor in 73.92 ms, found 3 plugins.
Preloading 0 native plugins for Editor in 0.00 ms.
Mono: successfully reloaded assembly
- Completed reload, in  0.535 seconds
Domain Reload Profiling:
	ReloadAssembly (536ms)
		BeginReloadAssembly (70ms)
			ExecutionOrderSort (0ms)
			DisableScriptedObjects (0ms)
			BackupInstance (0ms)
			ReleaseScriptingObjects (0ms)
			CreateAndSetChildDomain (1ms)
		EndReloadAssembly (373ms)
			LoadAssemblies (67ms)
			RebuildTransferFunctionScriptingTraits (0ms)
			SetupTypeCache (84ms)
			ReleaseScriptCaches (0ms)
			RebuildScriptCaches (26ms)
			SetupLoadedEditorAssemblies (222ms)
				LogAssemblyErrors (0ms)
				InitializePlatformSupportModulesInManaged (6ms)
				SetLoadedEditorAssemblies (0ms)
				RefreshPlugins (74ms)
				BeforeProcessingInitializeOnLoad (1ms)
				ProcessInitializeOnLoadAttributes (102ms)
				ProcessInitializeOnLoadMethodAttributes (38ms)
				AfterProcessingInitializeOnLoad (0ms)
				EditorAssembliesLoaded (0ms)
			ExecutionOrderSort2 (0ms)
			AwakeInstancesAfterBackupRestoration (0ms)
Platform modules already initialized, skipping
Registering precompiled user dll's ...
Registered in 0.007219 seconds.
Begin MonoManager ReloadAssembly
Symbol file LoadedFromMemory doesn't match image E:\project_unity3d\forWork\genshinRender\Library\PackageCache\com.unity.visualscripting@1.7.8\Editor\VisualScripting.Core\Dependencies\YamlDotNet\Unity.VisualScripting.YamlDotNet.dll
Symbol file LoadedFromMemory doesn't match image E:\project_unity3d\forWork\genshinRender\Library\PackageCache\com.unity.visualscripting@1.7.8\Editor\VisualScripting.Core\Dependencies\DotNetZip\Unity.VisualScripting.IonicZip.dll
Native extension for WindowsStandalone target not found
Refreshing native plugins compatible for Editor in 0.50 ms, found 3 plugins.
Preloading 0 native plugins for Editor in 0.00 ms.
Mono: successfully reloaded assembly
- Completed reload, in  0.882 seconds
Domain Reload Profiling:
	ReloadAssembly (883ms)
		BeginReloadAssembly (112ms)
			ExecutionOrderSort (0ms)
			DisableScriptedObjects (5ms)
			BackupInstance (0ms)
			ReleaseScriptingObjects (0ms)
			CreateAndSetChildDomain (22ms)
		EndReloadAssembly (671ms)
			LoadAssemblies (88ms)
			RebuildTransferFunctionScriptingTraits (0ms)
			SetupTypeCache (216ms)
			ReleaseScriptCaches (1ms)
			RebuildScriptCaches (43ms)
			SetupLoadedEditorAssemblies (305ms)
				LogAssemblyErrors (0ms)
				InitializePlatformSupportModulesInManaged (4ms)
				SetLoadedEditorAssemblies (0ms)
				RefreshPlugins (1ms)
				BeforeProcessingInitializeOnLoad (77ms)
				ProcessInitializeOnLoadAttributes (194ms)
				ProcessInitializeOnLoadMethodAttributes (24ms)
				AfterProcessingInitializeOnLoad (4ms)
				EditorAssembliesLoaded (0ms)
			ExecutionOrderSort2 (0ms)
			AwakeInstancesAfterBackupRestoration (5ms)
Platform modules already initialized, skipping
========================================================================
Worker process is ready to serve import requests
Launched and connected shader compiler UnityShaderCompiler.exe after 0.04 seconds
Refreshing native plugins compatible for Editor in 0.64 ms, found 3 plugins.
Preloading 0 native plugins for Editor in 0.00 ms.
Unloading 3368 Unused Serialized files (Serialized files now loaded: 0)
Unloading 27 unused Assets / (111.2 KB). Loaded Objects now: 3825.
Memory consumption went from 120.2 MB to 120.1 MB.
Total: 2.548000 ms (FindLiveObjects: 0.270700 ms CreateObjectMapping: 0.193300 ms MarkObjects: 2.004600 ms  DeleteObjects: 0.078600 ms)

AssetImportParameters requested are different than current active one (requested -> active):
  custom:video-decoder-ogg-theora: a1e56fd34408186e4bbccfd4996cb3dc -> 
  custom:container-muxer-webm: aa71ff27fc2769a1b78a27578f13a17b -> 
  custom:container-demuxer-webm: 4f35f7cbe854078d1ac9338744f61a02 -> 
  custom:video-encoder-webm-vp8: eb34c28f22e8b96e1ab97ce403110664 -> 
  custom:audio-encoder-webm-vorbis: bf7c407c2cedff20999df2af8eb42d56 -> 
  custom:framework-win-MediaFoundation: 216162199b28c13a410421893ffa2e32 -> 
  custom:container-demuxer-ogg: 62fdf1f143b41e24485cea50d1cbac27 -> 
  custom:video-decoder-webm-vp8: 9c59270c3fd7afecdb556c50c9e8de78 -> 
  custom:audio-decoder-ogg-vorbis: bf7c407c2cedff20999df2af8eb42d56 -> 
========================================================================
Received Import Request.
  Time since last request: 55008.960878 seconds.
  path: Assets/GenshinResources/GenshinModel/skin.bmp
  artifactKey: Guid(e901c10633bcccb47bce52a5f3ed7aa2) Importer(815301076,1909f56bfc062723c751e8b465ee728b)
Start importing Assets/GenshinResources/GenshinModel/skin.bmp using Guid(e901c10633bcccb47bce52a5f3ed7aa2) Importer(815301076,1909f56bfc062723c751e8b465ee728b)  -> (artifact id: '476b60003f9131a328253538c5c0837e') in 0.074472 seconds 
========================================================================
Received Import Request.
  Time since last request: 99.146624 seconds.
  path: Assets/GenshinResources/GenshinModel/ganyu.fbx
  artifactKey: Guid(b37cf3868971ae049b0af2e3c425d4f9) Importer(815301076,1909f56bfc062723c751e8b465ee728b)
Start importing Assets/GenshinResources/GenshinModel/ganyu.fbx using Guid(b37cf3868971ae049b0af2e3c425d4f9) Importer(815301076,1909f56bfc062723c751e8b465ee728b)  -> (artifact id: '10ff37b4d210bcfdd55ac59a1bc49ca7') in 0.187464 seconds 
========================================================================
Received Import Request.
  Time since last request: 5.453487 seconds.
  path: Assets/GenshinResources/GenshinModel/Materials
  artifactKey: Guid(88ea24708ff779240969bf43c903b7b5) Importer(815301076,1909f56bfc062723c751e8b465ee728b)
Start importing Assets/GenshinResources/GenshinModel/Materials using Guid(88ea24708ff779240969bf43c903b7b5) Importer(815301076,1909f56bfc062723c751e8b465ee728b)  -> (artifact id: '2a7814d5915dde76e060d14da67e3d14') in 0.001571 seconds 
========================================================================
Received Import Request.
  Time since last request: 0.056481 seconds.
  path: Assets/GenshinResources/GenshinModel/Materials/白目.mat
  artifactKey: Guid(23f72705f8f05434787c63ecbb0f30d6) Importer(815301076,1909f56bfc062723c751e8b465ee728b)
Start importing Assets/GenshinResources/GenshinModel/Materials/白目.mat using Guid(23f72705f8f05434787c63ecbb0f30d6) Importer(815301076,1909f56bfc062723c751e8b465ee728b)  -> (artifact id: 'c4c60eb3bc25e6e8bca9d18ed54374c5') in 0.103253 seconds 
========================================================================
Received Import Request.
  Time since last request: 0.000017 seconds.
  path: Assets/GenshinResources/GenshinModel/Materials/角.mat
  artifactKey: Guid(ab4d572da9706e548b73a95e0c9d0730) Importer(815301076,1909f56bfc062723c751e8b465ee728b)
Start importing Assets/GenshinResources/GenshinModel/Materials/角.mat using Guid(ab4d572da9706e548b73a95e0c9d0730) Importer(815301076,1909f56bfc062723c751e8b465ee728b)  -> (artifact id: 'a4639130df59843c3438217149995355') in 0.013091 seconds 
========================================================================
Received Import Request.
  Time since last request: 0.000023 seconds.
  path: Assets/GenshinResources/GenshinModel/Materials/裙摆.mat
  artifactKey: Guid(1b08b37e740275443bc9fc63bf3128cd) Importer(815301076,1909f56bfc062723c751e8b465ee728b)
Start importing Assets/GenshinResources/GenshinModel/Materials/裙摆.mat using Guid(1b08b37e740275443bc9fc63bf3128cd) Importer(815301076,1909f56bfc062723c751e8b465ee728b)  -> (artifact id: '2e27417b390ecdbbc3047c2e98b8df21') in 0.013875 seconds 
========================================================================
Received Import Request.
  Time since last request: 0.000015 seconds.
  path: Assets/GenshinResources/GenshinModel/Materials/脸红.mat
  artifactKey: Guid(58f6b2dc795555f4cae7ae3e39671372) Importer(815301076,1909f56bfc062723c751e8b465ee728b)
Start importing Assets/GenshinResources/GenshinModel/Materials/脸红.mat using Guid(58f6b2dc795555f4cae7ae3e39671372) Importer(815301076,1909f56bfc062723c751e8b465ee728b)  -> (artifact id: '215a18c6e2167cad95a5af0559263ced') in 0.012078 seconds 
Editor requested this worker to shutdown with reason: Scaling down because of idle timeout
AssetImportWorker is now disconnected from the server
Process exiting
Exiting without the bug reporter. Application will terminate with return code 0